  [1m[35m (2.6ms)[0m  [1m[35mCREATE TABLE "schema_migrations" ("version" varchar NOT NULL PRIMARY KEY)[0m
  [1m[35m (1.5ms)[0m  [1m[35mCREATE TABLE "ar_internal_metadata" ("key" varchar NOT NULL PRIMARY KEY, "value" varchar, "created_at" datetime NOT NULL, "updated_at" datetime NOT NULL)[0m
  [1m[36mActiveRecord::SchemaMigration Load (0.2ms)[0m  [1m[34mSELECT "schema_migrations".* FROM "schema_migrations"[0m
Migrating to CreateBooks (20170304091008)
  [1m[35m (0.2ms)[0m  [1m[36mbegin transaction[0m
  [1m[35m (0.6ms)[0m  [1m[35mCREATE TABLE "books" ("id" INTEGER PRIMARY KEY AUTOINCREMENT NOT NULL, "created_at" datetime NOT NULL, "updated_at" datetime NOT NULL)[0m
  [1m[35mSQL (0.1ms)[0m  [1m[32mINSERT INTO "schema_migrations" ("version") VALUES (?)[0m  [["version", "20170304091008"]]
  [1m[35m (2.3ms)[0m  [1m[36mcommit transaction[0m
Migrating to CreateSubjects (20170304091841)
  [1m[35m (0.2ms)[0m  [1m[36mbegin transaction[0m
  [1m[35m (0.7ms)[0m  [1m[35mCREATE TABLE "subjects" ("id" INTEGER PRIMARY KEY AUTOINCREMENT NOT NULL, "created_at" datetime NOT NULL, "updated_at" datetime NOT NULL)[0m
  [1m[35mSQL (0.2ms)[0m  [1m[32mINSERT INTO "schema_migrations" ("version") VALUES (?)[0m  [["version", "20170304091841"]]
  [1m[35m (1.5ms)[0m  [1m[36mcommit transaction[0m
Migrating to Books (20170305043756)
  [1m[35m (0.1ms)[0m  [1m[36mbegin transaction[0m
  [1m[35m (0.3ms)[0m  [1m[35mCREATE TABLE "books" ("id" INTEGER PRIMARY KEY AUTOINCREMENT NOT NULL, "title" varchar(32) NOT NULL, "price" float, "subject_id" integer, "description" text, "created_at" datetime)[0m
  [1m[35m (0.1ms)[0m  [1m[31mrollback transaction[0m
  [1m[35m (239.0ms)[0m  [1m[35mCREATE TABLE "schema_migrations" ("version" character varying PRIMARY KEY)[0m
  [1m[35m (29.4ms)[0m  [1m[35mCREATE TABLE "ar_internal_metadata" ("key" character varying PRIMARY KEY, "value" character varying, "created_at" timestamp NOT NULL, "updated_at" timestamp NOT NULL)[0m
  [1m[35m (19.6ms)[0m  [1m[34mSELECT pg_try_advisory_lock(3112386441483396210);[0m
  [1m[36mActiveRecord::SchemaMigration Load (0.7ms)[0m  [1m[34mSELECT "schema_migrations".* FROM "schema_migrations"[0m
Migrating to CreateBooks (20170304091008)
  [1m[35m (0.3ms)[0m  [1m[35mBEGIN[0m
  [1m[35m (53.2ms)[0m  [1m[35mCREATE TABLE "books" ("id" serial primary key, "created_at" timestamp NOT NULL, "updated_at" timestamp NOT NULL)[0m
  [1m[35mSQL (0.6ms)[0m  [1m[32mINSERT INTO "schema_migrations" ("version") VALUES ($1) RETURNING "version"[0m  [["version", "20170304091008"]]
  [1m[35m (0.7ms)[0m  [1m[35mCOMMIT[0m
Migrating to CreateSubjects (20170304091841)
  [1m[35m (15.8ms)[0m  [1m[35mBEGIN[0m
  [1m[35m (3.8ms)[0m  [1m[35mCREATE TABLE "subjects" ("id" serial primary key, "created_at" timestamp NOT NULL, "updated_at" timestamp NOT NULL)[0m
  [1m[35mSQL (0.3ms)[0m  [1m[32mINSERT INTO "schema_migrations" ("version") VALUES ($1) RETURNING "version"[0m  [["version", "20170304091841"]]
  [1m[35m (0.6ms)[0m  [1m[35mCOMMIT[0m
Migrating to Books (20170305043756)
  [1m[35m (14.8ms)[0m  [1m[35mBEGIN[0m
  [1m[35m (36.9ms)[0m  [1m[35mCREATE TABLE "books" ("id" serial primary key, "title" character varying(32) NOT NULL, "price" float, "subject_id" integer, "description" text, "created_at" timestamp)[0m
  [1m[35m (0.2ms)[0m  [1m[31mROLLBACK[0m
  [1m[35m (0.4ms)[0m  [1m[34mSELECT pg_advisory_unlock(3112386441483396210)[0m
  [1m[35m (0.3ms)[0m  [1m[34mSELECT pg_try_advisory_lock(3112386441483396210);[0m
  [1m[36mActiveRecord::SchemaMigration Load (0.5ms)[0m  [1m[34mSELECT "schema_migrations".* FROM "schema_migrations"[0m
Migrating to Books (20170305043756)
  [1m[35m (0.3ms)[0m  [1m[35mBEGIN[0m
  [1m[35m (20.0ms)[0m  [1m[35mCREATE TABLE "books" ("id" serial primary key, "title" character varying(32) NOT NULL, "price" float, "subject_id" integer, "description" text, "created_at" timestamp)[0m
  [1m[35m (0.2ms)[0m  [1m[31mROLLBACK[0m
  [1m[35m (0.5ms)[0m  [1m[34mSELECT pg_advisory_unlock(3112386441483396210)[0m
  [1m[35m (0.4ms)[0m  [1m[34mSELECT pg_try_advisory_lock(3112386441483396210);[0m
  [1m[36mActiveRecord::SchemaMigration Load (0.4ms)[0m  [1m[34mSELECT "schema_migrations".* FROM "schema_migrations"[0m
Migrating to Books (20170305043756)
  [1m[35m (0.1ms)[0m  [1m[35mBEGIN[0m
  [1m[35m (5.7ms)[0m  [1m[35mCREATE TABLE "books" ("id" serial primary key, "title" character varying(32) NOT NULL, "price" float, "subject_id" integer, "description" text, "created_at" timestamp)[0m
  [1m[35mSQL (0.6ms)[0m  [1m[32mINSERT INTO "schema_migrations" ("version") VALUES ($1) RETURNING "version"[0m  [["version", "20170305043756"]]
  [1m[35m (1.1ms)[0m  [1m[35mCOMMIT[0m
Migrating to Subjects (20170305043824)
  [1m[35m (15.6ms)[0m  [1m[35mBEGIN[0m
  [1m[35m (4.7ms)[0m  [1m[35mCREATE TABLE "subjects" ("id" serial primary key, "name" character varying)[0m
  [1m[35mSQL (0.7ms)[0m  [1m[32mINSERT INTO "subjects" ("name") VALUES ($1) RETURNING "id"[0m  [["name", "Physics"]]
  [1m[35mSQL (0.3ms)[0m  [1m[32mINSERT INTO "subjects" ("name") VALUES ($1) RETURNING "id"[0m  [["name", "Mathematics"]]
  [1m[35mSQL (0.3ms)[0m  [1m[32mINSERT INTO "subjects" ("name") VALUES ($1) RETURNING "id"[0m  [["name", "Chemistry"]]
  [1m[35mSQL (0.2ms)[0m  [1m[32mINSERT INTO "subjects" ("name") VALUES ($1) RETURNING "id"[0m  [["name", "Psychology"]]
  [1m[35mSQL (0.2ms)[0m  [1m[32mINSERT INTO "subjects" ("name") VALUES ($1) RETURNING "id"[0m  [["name", "Geography"]]
  [1m[35mSQL (0.2ms)[0m  [1m[32mINSERT INTO "schema_migrations" ("version") VALUES ($1) RETURNING "version"[0m  [["version", "20170305043824"]]
  [1m[35m (0.5ms)[0m  [1m[35mCOMMIT[0m
  [1m[36mActiveRecord::InternalMetadata Load (30.5ms)[0m  [1m[34mSELECT  "ar_internal_metadata".* FROM "ar_internal_metadata" WHERE "ar_internal_metadata"."key" = $1 LIMIT $2[0m  [["key", :environment], ["LIMIT", 1]]
  [1m[35m (0.2ms)[0m  [1m[35mBEGIN[0m
  [1m[35mSQL (0.4ms)[0m  [1m[32mINSERT INTO "ar_internal_metadata" ("key", "value", "created_at", "updated_at") VALUES ($1, $2, $3, $4) RETURNING "key"[0m  [["key", "environment"], ["value", "development"], ["created_at", 2017-03-05 05:47:15 UTC], ["updated_at", 2017-03-05 05:47:15 UTC]]
  [1m[35m (0.5ms)[0m  [1m[35mCOMMIT[0m
  [1m[35m (0.2ms)[0m  [1m[34mSELECT pg_advisory_unlock(3112386441483396210)[0m
  [1m[36mActiveRecord::SchemaMigration Load (0.2ms)[0m  [1m[34mSELECT "schema_migrations".* FROM "schema_migrations"[0m
Started GET "/list" for ::1 at 2017-03-05 21:34:10 +1100
  [1m[36mActiveRecord::SchemaMigration Load (0.6ms)[0m  [1m[34mSELECT "schema_migrations".* FROM "schema_migrations"[0m
  
ActionController::RoutingError (No route matches [GET] "/list"):
  
actionpack (5.0.2) lib/action_dispatch/middleware/debug_exceptions.rb:53:in `call'
web-console (3.4.0) lib/web_console/middleware.rb:135:in `call_app'
web-console (3.4.0) lib/web_console/middleware.rb:28:in `block in call'
web-console (3.4.0) lib/web_console/middleware.rb:18:in `catch'
web-console (3.4.0) lib/web_console/middleware.rb:18:in `call'
actionpack (5.0.2) lib/action_dispatch/middleware/show_exceptions.rb:31:in `call'
railties (5.0.2) lib/rails/rack/logger.rb:36:in `call_app'
railties (5.0.2) lib/rails/rack/logger.rb:24:in `block in call'
activesupport (5.0.2) lib/active_support/tagged_logging.rb:69:in `block in tagged'
activesupport (5.0.2) lib/active_support/tagged_logging.rb:26:in `tagged'
activesupport (5.0.2) lib/active_support/tagged_logging.rb:69:in `tagged'
railties (5.0.2) lib/rails/rack/logger.rb:24:in `call'
sprockets-rails (3.2.0) lib/sprockets/rails/quiet_assets.rb:13:in `call'
actionpack (5.0.2) lib/action_dispatch/middleware/request_id.rb:24:in `call'
rack (2.0.1) lib/rack/method_override.rb:22:in `call'
rack (2.0.1) lib/rack/runtime.rb:22:in `call'
activesupport (5.0.2) lib/active_support/cache/strategy/local_cache_middleware.rb:28:in `call'
actionpack (5.0.2) lib/action_dispatch/middleware/executor.rb:12:in `call'
actionpack (5.0.2) lib/action_dispatch/middleware/static.rb:136:in `call'
rack (2.0.1) lib/rack/sendfile.rb:111:in `call'
railties (5.0.2) lib/rails/engine.rb:522:in `call'
puma (3.7.1) lib/puma/configuration.rb:232:in `call'
puma (3.7.1) lib/puma/server.rb:578:in `handle_request'
puma (3.7.1) lib/puma/server.rb:415:in `process_client'
puma (3.7.1) lib/puma/server.rb:275:in `block in run'
puma (3.7.1) lib/puma/thread_pool.rb:120:in `call'
puma (3.7.1) lib/puma/thread_pool.rb:120:in `block in spawn_thread'
  Rendering /Users/studio/.rvm/gems/ruby-2.2.2@global/gems/actionpack-5.0.2/lib/action_dispatch/middleware/templates/rescues/routing_error.html.erb within rescues/layout
  Rendering /Users/studio/.rvm/gems/ruby-2.2.2@global/gems/actionpack-5.0.2/lib/action_dispatch/middleware/templates/rescues/_trace.html.erb
  Rendered /Users/studio/.rvm/gems/ruby-2.2.2@global/gems/actionpack-5.0.2/lib/action_dispatch/middleware/templates/rescues/_trace.html.erb (2.8ms)
  Rendered collection of /Users/studio/.rvm/gems/ruby-2.2.2@global/gems/actionpack-5.0.2/lib/action_dispatch/middleware/templates/routes/_route.html.erb [10 times] (107.7ms)
  Rendered /Users/studio/.rvm/gems/ruby-2.2.2@global/gems/actionpack-5.0.2/lib/action_dispatch/middleware/templates/routes/_table.html.erb (10.5ms)
  Rendering /Users/studio/.rvm/gems/ruby-2.2.2@global/gems/actionpack-5.0.2/lib/action_dispatch/middleware/templates/rescues/_request_and_response.html.erb
  Rendered /Users/studio/.rvm/gems/ruby-2.2.2@global/gems/actionpack-5.0.2/lib/action_dispatch/middleware/templates/rescues/_request_and_response.html.erb (27.2ms)
  Rendered /Users/studio/.rvm/gems/ruby-2.2.2@global/gems/actionpack-5.0.2/lib/action_dispatch/middleware/templates/rescues/routing_error.html.erb within rescues/layout (290.5ms)
Started GET "/book/list" for ::1 at 2017-03-05 21:34:27 +1100
  
SyntaxError (/Users/studio/workspace/library/app/controllers/book_controller.rb:57: syntax error, unexpected end-of-input, expecting keyword_end):
  
app/controllers/book_controller.rb:57: syntax error, unexpected end-of-input, expecting keyword_end
  Rendering /Users/studio/.rvm/gems/ruby-2.2.2@global/gems/actionpack-5.0.2/lib/action_dispatch/middleware/templates/rescues/diagnostics.html.erb within rescues/layout
  Rendering /Users/studio/.rvm/gems/ruby-2.2.2@global/gems/actionpack-5.0.2/lib/action_dispatch/middleware/templates/rescues/_source.html.erb
  Rendered /Users/studio/.rvm/gems/ruby-2.2.2@global/gems/actionpack-5.0.2/lib/action_dispatch/middleware/templates/rescues/_source.html.erb (5.9ms)
  Rendering /Users/studio/.rvm/gems/ruby-2.2.2@global/gems/actionpack-5.0.2/lib/action_dispatch/middleware/templates/rescues/_trace.html.erb
  Rendered /Users/studio/.rvm/gems/ruby-2.2.2@global/gems/actionpack-5.0.2/lib/action_dispatch/middleware/templates/rescues/_trace.html.erb (2.6ms)
  Rendering /Users/studio/.rvm/gems/ruby-2.2.2@global/gems/actionpack-5.0.2/lib/action_dispatch/middleware/templates/rescues/_request_and_response.html.erb
  Rendered /Users/studio/.rvm/gems/ruby-2.2.2@global/gems/actionpack-5.0.2/lib/action_dispatch/middleware/templates/rescues/_request_and_response.html.erb (1.1ms)
  Rendered /Users/studio/.rvm/gems/ruby-2.2.2@global/gems/actionpack-5.0.2/lib/action_dispatch/middleware/templates/rescues/diagnostics.html.erb within rescues/layout (109.6ms)
Started GET "/book/list" for ::1 at 2017-03-05 21:35:11 +1100
Started GET "/book/list" for ::1 at 2017-03-05 21:35:21 +1100
Processing by BookController#list as HTML
Completed 500 Internal Server Error in 38ms (ActiveRecord: 3.2ms)


  
NoMethodError (undefined method `validate_numericality_of' for #<Class:0x007fbf3a052458>):
  
app/models/book.rb:4:in `<class:Book>'
app/models/book.rb:1:in `<top (required)>'
app/controllers/book_controller.rb:3:in `list'
  Rendering /Users/studio/.rvm/gems/ruby-2.2.2@global/gems/actionpack-5.0.2/lib/action_dispatch/middleware/templates/rescues/diagnostics.html.erb within rescues/layout
  Rendering /Users/studio/.rvm/gems/ruby-2.2.2@global/gems/actionpack-5.0.2/lib/action_dispatch/middleware/templates/rescues/_source.html.erb
  Rendered /Users/studio/.rvm/gems/ruby-2.2.2@global/gems/actionpack-5.0.2/lib/action_dispatch/middleware/templates/rescues/_source.html.erb (8.3ms)
  Rendering /Users/studio/.rvm/gems/ruby-2.2.2@global/gems/actionpack-5.0.2/lib/action_dispatch/middleware/templates/rescues/_trace.html.erb
  Rendered /Users/studio/.rvm/gems/ruby-2.2.2@global/gems/actionpack-5.0.2/lib/action_dispatch/middleware/templates/rescues/_trace.html.erb (7.9ms)
  Rendering /Users/studio/.rvm/gems/ruby-2.2.2@global/gems/actionpack-5.0.2/lib/action_dispatch/middleware/templates/rescues/_request_and_response.html.erb
  Rendered /Users/studio/.rvm/gems/ruby-2.2.2@global/gems/actionpack-5.0.2/lib/action_dispatch/middleware/templates/rescues/_request_and_response.html.erb (1.1ms)
  Rendered /Users/studio/.rvm/gems/ruby-2.2.2@global/gems/actionpack-5.0.2/lib/action_dispatch/middleware/templates/rescues/diagnostics.html.erb within rescues/layout (112.6ms)
Processing by BookController#list as HTML
Completed 500 Internal Server Error in 4ms (ActiveRecord: 0.0ms)


  
NoMethodError (undefined method `validate_numericality_of' for #<Class:0x007fbf35c43258>):
  
app/models/book.rb:4:in `<class:Book>'
app/models/book.rb:1:in `<top (required)>'
app/controllers/book_controller.rb:3:in `list'
  Rendering /Users/studio/.rvm/gems/ruby-2.2.2@global/gems/actionpack-5.0.2/lib/action_dispatch/middleware/templates/rescues/diagnostics.html.erb within rescues/layout
  Rendering /Users/studio/.rvm/gems/ruby-2.2.2@global/gems/actionpack-5.0.2/lib/action_dispatch/middleware/templates/rescues/_source.html.erb
  Rendered /Users/studio/.rvm/gems/ruby-2.2.2@global/gems/actionpack-5.0.2/lib/action_dispatch/middleware/templates/rescues/_source.html.erb (8.4ms)
  Rendering /Users/studio/.rvm/gems/ruby-2.2.2@global/gems/actionpack-5.0.2/lib/action_dispatch/middleware/templates/rescues/_trace.html.erb
  Rendered /Users/studio/.rvm/gems/ruby-2.2.2@global/gems/actionpack-5.0.2/lib/action_dispatch/middleware/templates/rescues/_trace.html.erb (3.0ms)
  Rendering /Users/studio/.rvm/gems/ruby-2.2.2@global/gems/actionpack-5.0.2/lib/action_dispatch/middleware/templates/rescues/_request_and_response.html.erb
  Rendered /Users/studio/.rvm/gems/ruby-2.2.2@global/gems/actionpack-5.0.2/lib/action_dispatch/middleware/templates/rescues/_request_and_response.html.erb (1.0ms)
  Rendered /Users/studio/.rvm/gems/ruby-2.2.2@global/gems/actionpack-5.0.2/lib/action_dispatch/middleware/templates/rescues/diagnostics.html.erb within rescues/layout (106.2ms)
Started GET "/book/list" for ::1 at 2017-03-05 21:36:49 +1100
Processing by BookController#list as HTML
  Rendering book/list.html.erb within layouts/application
  Rendered book/list.html.erb within layouts/application (0.8ms)
Completed 200 OK in 1072ms (Views: 1067.3ms | ActiveRecord: 0.0ms)


Started GET "/book/list" for ::1 at 2017-03-05 21:44:33 +1100
Processing by BookController#list as HTML
  Rendering book/list.html.erb within layouts/application
  [1m[36mBook Load (22.8ms)[0m  [1m[34mSELECT "books".* FROM "books"[0m
  Rendered book/list.html.erb within layouts/application (28.1ms)
Completed 200 OK in 53ms (Views: 28.5ms | ActiveRecord: 22.8ms)


Started GET "/book/new" for ::1 at 2017-03-05 21:53:22 +1100
Processing by BookController#new as HTML
  Rendering book/new.html.erb within layouts/application
  [1m[36mSubject Load (1.1ms)[0m  [1m[34mSELECT "subjects".* FROM "subjects"[0m
  Rendered book/new.html.erb within layouts/application (122.6ms)
Completed 200 OK in 191ms (Views: 139.1ms | ActiveRecord: 9.6ms)


Started POST "/book/create" for ::1 at 2017-03-05 21:54:23 +1100
Processing by BookController#create as HTML
  Parameters: {"utf8"=>"✓", "authenticity_token"=>"PYXqeuMFyeGcMhvUN6Ha7jiCkdIYjDheiYpI0vv2RfF/jN3lmdYIZpL1zXxGrdmGU2ruBVtjoHz3CAXbAlQgBQ==", "books"=>{"title"=>"Advance Physics", "price"=>"390", "subject_id"=>"1", "description"=>"This is test to create new book"}, "commit"=>"Create"}
  [1m[35m (0.1ms)[0m  [1m[35mBEGIN[0m
  [1m[36mSubject Load (0.7ms)[0m  [1m[34mSELECT  "subjects".* FROM "subjects" WHERE "subjects"."id" = $1 LIMIT $2[0m  [["id", 1], ["LIMIT", 1]]
  [1m[35mSQL (20.3ms)[0m  [1m[32mINSERT INTO "books" ("title", "price", "subject_id", "description", "created_at") VALUES ($1, $2, $3, $4, $5) RETURNING "id"[0m  [["title", "Advance Physics"], ["price", 390.0], ["subject_id", 1], ["description", "This is test to create new book"], ["created_at", 2017-03-05 10:54:23 UTC]]
  [1m[35m (16.7ms)[0m  [1m[35mCOMMIT[0m
Redirected to http://localhost:3000/book/list
Completed 302 Found in 126ms (ActiveRecord: 43.0ms)


Started GET "/book/list" for ::1 at 2017-03-05 21:54:23 +1100
Processing by BookController#list as HTML
  Rendering book/list.html.erb within layouts/application
  [1m[36mBook Load (0.7ms)[0m  [1m[34mSELECT "books".* FROM "books"[0m
  Rendered book/list.html.erb within layouts/application (2.6ms)
Completed 200 OK in 26ms (Views: 22.9ms | ActiveRecord: 0.7ms)


Started GET "/book/show?id=1" for ::1 at 2017-03-05 22:08:18 +1100
Processing by BookController#show as HTML
  Parameters: {"id"=>"1"}
  [1m[36mBook Load (0.4ms)[0m  [1m[34mSELECT  "books".* FROM "books" WHERE "books"."id" = $1 LIMIT $2[0m  [["id", 1], ["LIMIT", 1]]
  Rendering book/show.html.erb within layouts/application
  [1m[36mSubject Load (0.3ms)[0m  [1m[34mSELECT  "subjects".* FROM "subjects" WHERE "subjects"."id" = $1 LIMIT $2[0m  [["id", 1], ["LIMIT", 1]]
  Rendered book/show.html.erb within layouts/application (3.8ms)
Completed 200 OK in 32ms (Views: 26.5ms | ActiveRecord: 0.9ms)


Started GET "/book/list" for ::1 at 2017-03-05 22:08:22 +1100
Processing by BookController#list as HTML
  Rendering book/list.html.erb within layouts/application
  [1m[36mBook Load (0.5ms)[0m  [1m[34mSELECT "books".* FROM "books"[0m
  Rendered book/list.html.erb within layouts/application (2.3ms)
Completed 200 OK in 59ms (Views: 56.2ms | ActiveRecord: 0.5ms)


Started GET "/book/show?id=1" for ::1 at 2017-03-05 22:08:23 +1100
Processing by BookController#show as HTML
  Parameters: {"id"=>"1"}
  [1m[36mBook Load (0.8ms)[0m  [1m[34mSELECT  "books".* FROM "books" WHERE "books"."id" = $1 LIMIT $2[0m  [["id", 1], ["LIMIT", 1]]
  Rendering book/show.html.erb within layouts/application
  [1m[36mSubject Load (0.6ms)[0m  [1m[34mSELECT  "subjects".* FROM "subjects" WHERE "subjects"."id" = $1 LIMIT $2[0m  [["id", 1], ["LIMIT", 1]]
  Rendered book/show.html.erb within layouts/application (3.4ms)
Completed 200 OK in 36ms (Views: 31.7ms | ActiveRecord: 1.4ms)


Started GET "/book/list" for ::1 at 2017-03-05 22:08:25 +1100
Processing by BookController#list as HTML
  Rendering book/list.html.erb within layouts/application
  [1m[36mBook Load (0.4ms)[0m  [1m[34mSELECT "books".* FROM "books"[0m
  Rendered book/list.html.erb within layouts/application (2.5ms)
Completed 200 OK in 34ms (Views: 31.6ms | ActiveRecord: 0.4ms)


Started GET "/book/list" for ::1 at 2017-03-05 22:25:21 +1100
Processing by BookController#list as HTML
  Rendering book/list.html.erb within layouts/application
  [1m[36mBook Load (0.4ms)[0m  [1m[34mSELECT "books".* FROM "books"[0m
  Rendered book/list.html.erb within layouts/application (2.5ms)
Completed 200 OK in 129ms (Views: 125.1ms | ActiveRecord: 0.3ms)


Started GET "/book/edit?id=1" for ::1 at 2017-03-05 22:25:23 +1100
Processing by BookController#edit as HTML
  Parameters: {"id"=>"1"}
  [1m[36mBook Load (0.3ms)[0m  [1m[34mSELECT  "books".* FROM "books" WHERE "books"."id" = $1 LIMIT $2[0m  [["id", 1], ["LIMIT", 1]]
  Rendering book/edit.html.erb within layouts/application
  Rendered book/edit.html.erb within layouts/application (1.4ms)
Completed 500 Internal Server Error in 25ms (ActiveRecord: 0.3ms)


  
SyntaxError (/Users/studio/workspace/library/app/views/book/edit.html.erb:12: syntax error, unexpected keyword_end
'.freeze;@output_buffer.append=( end );@output_buffer.safe_append='
                                    ^
/Users/studio/workspace/library/app/views/book/edit.html.erb:15: syntax error, unexpected keyword_ensure, expecting ')'
/Users/studio/workspace/library/app/views/book/edit.html.erb:17: syntax error, unexpected keyword_end, expecting ')'):
  
app/views/book/edit.html.erb:12: syntax error, unexpected keyword_end
app/views/book/edit.html.erb:15: syntax error, unexpected keyword_ensure, expecting ')'
app/views/book/edit.html.erb:17: syntax error, unexpected keyword_end, expecting ')'
  Rendering /Users/studio/.rvm/gems/ruby-2.2.2@global/gems/actionpack-5.0.2/lib/action_dispatch/middleware/templates/rescues/diagnostics.html.erb within rescues/layout
  Rendering /Users/studio/.rvm/gems/ruby-2.2.2@global/gems/actionpack-5.0.2/lib/action_dispatch/middleware/templates/rescues/_source.html.erb
  Rendered /Users/studio/.rvm/gems/ruby-2.2.2@global/gems/actionpack-5.0.2/lib/action_dispatch/middleware/templates/rescues/_source.html.erb (16.3ms)
  Rendering /Users/studio/.rvm/gems/ruby-2.2.2@global/gems/actionpack-5.0.2/lib/action_dispatch/middleware/templates/rescues/_trace.html.erb
  Rendered /Users/studio/.rvm/gems/ruby-2.2.2@global/gems/actionpack-5.0.2/lib/action_dispatch/middleware/templates/rescues/_trace.html.erb (5.1ms)
  Rendering /Users/studio/.rvm/gems/ruby-2.2.2@global/gems/actionpack-5.0.2/lib/action_dispatch/middleware/templates/rescues/_request_and_response.html.erb
  Rendered /Users/studio/.rvm/gems/ruby-2.2.2@global/gems/actionpack-5.0.2/lib/action_dispatch/middleware/templates/rescues/_request_and_response.html.erb (2.0ms)
  Rendered /Users/studio/.rvm/gems/ruby-2.2.2@global/gems/actionpack-5.0.2/lib/action_dispatch/middleware/templates/rescues/diagnostics.html.erb within rescues/layout (130.2ms)
Started GET "/book/list" for ::1 at 2017-03-05 22:25:38 +1100
Processing by BookController#list as HTML
  Rendering book/list.html.erb within layouts/application
  [1m[36mBook Load (0.3ms)[0m  [1m[34mSELECT "books".* FROM "books"[0m
  Rendered book/list.html.erb within layouts/application (2.0ms)
Completed 200 OK in 25ms (Views: 22.8ms | ActiveRecord: 0.3ms)


Started GET "/book/edit?id=1" for ::1 at 2017-03-05 22:25:43 +1100
Processing by BookController#edit as HTML
  Parameters: {"id"=>"1"}
  [1m[36mBook Load (0.3ms)[0m  [1m[34mSELECT  "books".* FROM "books" WHERE "books"."id" = $1 LIMIT $2[0m  [["id", 1], ["LIMIT", 1]]
  Rendering book/edit.html.erb within layouts/application
  Rendered book/edit.html.erb within layouts/application (1.1ms)
Completed 500 Internal Server Error in 8ms (ActiveRecord: 0.3ms)


  
SyntaxError (/Users/studio/workspace/library/app/views/book/edit.html.erb:12: syntax error, unexpected keyword_end
'.freeze;@output_buffer.append=( end );@output_buffer.safe_append='
                                    ^
/Users/studio/workspace/library/app/views/book/edit.html.erb:15: syntax error, unexpected keyword_ensure, expecting ')'
/Users/studio/workspace/library/app/views/book/edit.html.erb:17: syntax error, unexpected keyword_end, expecting ')'):
  
app/views/book/edit.html.erb:12: syntax error, unexpected keyword_end
app/views/book/edit.html.erb:15: syntax error, unexpected keyword_ensure, expecting ')'
app/views/book/edit.html.erb:17: syntax error, unexpected keyword_end, expecting ')'
  Rendering /Users/studio/.rvm/gems/ruby-2.2.2@global/gems/actionpack-5.0.2/lib/action_dispatch/middleware/templates/rescues/diagnostics.html.erb within rescues/layout
  Rendering /Users/studio/.rvm/gems/ruby-2.2.2@global/gems/actionpack-5.0.2/lib/action_dispatch/middleware/templates/rescues/_source.html.erb
  Rendered /Users/studio/.rvm/gems/ruby-2.2.2@global/gems/actionpack-5.0.2/lib/action_dispatch/middleware/templates/rescues/_source.html.erb (9.0ms)
  Rendering /Users/studio/.rvm/gems/ruby-2.2.2@global/gems/actionpack-5.0.2/lib/action_dispatch/middleware/templates/rescues/_trace.html.erb
  Rendered /Users/studio/.rvm/gems/ruby-2.2.2@global/gems/actionpack-5.0.2/lib/action_dispatch/middleware/templates/rescues/_trace.html.erb (3.5ms)
  Rendering /Users/studio/.rvm/gems/ruby-2.2.2@global/gems/actionpack-5.0.2/lib/action_dispatch/middleware/templates/rescues/_request_and_response.html.erb
  Rendered /Users/studio/.rvm/gems/ruby-2.2.2@global/gems/actionpack-5.0.2/lib/action_dispatch/middleware/templates/rescues/_request_and_response.html.erb (1.0ms)
  Rendered /Users/studio/.rvm/gems/ruby-2.2.2@global/gems/actionpack-5.0.2/lib/action_dispatch/middleware/templates/rescues/diagnostics.html.erb within rescues/layout (95.3ms)
Started GET "/book/edit?id=1" for ::1 at 2017-03-05 22:27:56 +1100
Processing by BookController#edit as HTML
  Parameters: {"id"=>"1"}
  [1m[36mBook Load (0.3ms)[0m  [1m[34mSELECT  "books".* FROM "books" WHERE "books"."id" = $1 LIMIT $2[0m  [["id", 1], ["LIMIT", 1]]
  Rendering book/edit.html.erb within layouts/application
  [1m[36mSubject Load (0.3ms)[0m  [1m[34mSELECT "subjects".* FROM "subjects"[0m
  Rendered book/edit.html.erb within layouts/application (4.3ms)
Completed 200 OK in 32ms (Views: 27.8ms | ActiveRecord: 0.9ms)


Started GET "/book/list" for ::1 at 2017-03-05 22:28:00 +1100
Processing by BookController#list as HTML
  Rendering book/list.html.erb within layouts/application
  [1m[36mBook Load (0.4ms)[0m  [1m[34mSELECT "books".* FROM "books"[0m
  Rendered book/list.html.erb within layouts/application (2.4ms)
Completed 200 OK in 32ms (Views: 29.8ms | ActiveRecord: 0.4ms)


Started GET "/book/list" for ::1 at 2017-03-05 22:34:35 +1100
Processing by BookController#list as HTML
  Rendering book/list.html.erb within layouts/application
  [1m[36mBook Load (0.3ms)[0m  [1m[34mSELECT "books".* FROM "books"[0m
  Rendered book/list.html.erb within layouts/application (2.2ms)
Completed 200 OK in 26ms (Views: 23.4ms | ActiveRecord: 0.3ms)


Started GET "/book/show?id=1" for ::1 at 2017-03-05 22:34:50 +1100
Processing by BookController#show as HTML
  Parameters: {"id"=>"1"}
  [1m[36mBook Load (0.5ms)[0m  [1m[34mSELECT  "books".* FROM "books" WHERE "books"."id" = $1 LIMIT $2[0m  [["id", 1], ["LIMIT", 1]]
  Rendering book/show.html.erb within layouts/application
  [1m[36mSubject Load (0.4ms)[0m  [1m[34mSELECT  "subjects".* FROM "subjects" WHERE "subjects"."id" = $1 LIMIT $2[0m  [["id", 1], ["LIMIT", 1]]
  Rendered book/show.html.erb within layouts/application (3.2ms)
Completed 200 OK in 52ms (Views: 30.4ms | ActiveRecord: 0.9ms)


Started GET "/book/show?id=1" for ::1 at 2017-03-05 22:36:00 +1100
Processing by BookController#show as HTML
  Parameters: {"id"=>"1"}
  [1m[36mBook Load (0.2ms)[0m  [1m[34mSELECT  "books".* FROM "books" WHERE "books"."id" = $1 LIMIT $2[0m  [["id", 1], ["LIMIT", 1]]
  Rendering book/show.html.erb within layouts/application
  [1m[36mSubject Load (0.3ms)[0m  [1m[34mSELECT  "subjects".* FROM "subjects" WHERE "subjects"."id" = $1 LIMIT $2[0m  [["id", 1], ["LIMIT", 1]]
  Rendered book/show.html.erb within layouts/application (2.8ms)
Completed 200 OK in 26ms (Views: 23.2ms | ActiveRecord: 0.5ms)


Started GET "/book/list" for ::1 at 2017-03-05 22:36:02 +1100
Processing by BookController#list as HTML
  Rendering book/list.html.erb within layouts/application
  [1m[36mBook Load (0.4ms)[0m  [1m[34mSELECT "books".* FROM "books"[0m
  Rendered book/list.html.erb within layouts/application (2.5ms)
Completed 200 OK in 28ms (Views: 25.5ms | ActiveRecord: 0.4ms)


Started GET "/book/show?id=1" for ::1 at 2017-03-05 22:36:20 +1100
Processing by BookController#show as HTML
  Parameters: {"id"=>"1"}
  [1m[36mBook Load (0.3ms)[0m  [1m[34mSELECT  "books".* FROM "books" WHERE "books"."id" = $1 LIMIT $2[0m  [["id", 1], ["LIMIT", 1]]
  Rendering book/show.html.erb within layouts/application
  [1m[36mSubject Load (0.3ms)[0m  [1m[34mSELECT  "subjects".* FROM "subjects" WHERE "subjects"."id" = $1 LIMIT $2[0m  [["id", 1], ["LIMIT", 1]]
  Rendered book/show.html.erb within layouts/application (2.9ms)
Completed 200 OK in 26ms (Views: 22.2ms | ActiveRecord: 0.8ms)


Started GET "/book/show?id=1" for ::1 at 2017-03-05 22:36:40 +1100
Processing by BookController#show as HTML
  Parameters: {"id"=>"1"}
  [1m[36mBook Load (0.3ms)[0m  [1m[34mSELECT  "books".* FROM "books" WHERE "books"."id" = $1 LIMIT $2[0m  [["id", 1], ["LIMIT", 1]]
  Rendering book/show.html.erb within layouts/application
  [1m[36mSubject Load (0.2ms)[0m  [1m[34mSELECT  "subjects".* FROM "subjects" WHERE "subjects"."id" = $1 LIMIT $2[0m  [["id", 1], ["LIMIT", 1]]
  Rendered book/show.html.erb within layouts/application (2.4ms)
Completed 200 OK in 29ms (Views: 25.6ms | ActiveRecord: 0.5ms)


Started GET "/book/show_subjects?id=1" for ::1 at 2017-03-05 22:36:41 +1100
Processing by BookController#show_subjects as HTML
  Parameters: {"id"=>"1"}
  [1m[36mSubject Load (0.2ms)[0m  [1m[34mSELECT  "subjects".* FROM "subjects" WHERE "subjects"."id" = $1 LIMIT $2[0m  [["id", 1], ["LIMIT", 1]]
  Rendering book/show_subjects.html.erb within layouts/application
  [1m[36mBook Load (0.4ms)[0m  [1m[34mSELECT "books".* FROM "books" WHERE "books"."subject_id" = $1[0m  [["subject_id", 1]]
  Rendered book/show_subjects.html.erb within layouts/application (40.3ms)
Completed 200 OK in 71ms (Views: 66.7ms | ActiveRecord: 0.8ms)


Started GET "/book/show_subjects?id=1" for ::1 at 2017-03-05 22:39:22 +1100
Processing by BookController#show_subjects as HTML
  Parameters: {"id"=>"1"}
  [1m[36mSubject Load (0.3ms)[0m  [1m[34mSELECT  "subjects".* FROM "subjects" WHERE "subjects"."id" = $1 LIMIT $2[0m  [["id", 1], ["LIMIT", 1]]
  Rendering book/show_subjects.html.erb within layouts/application
  [1m[36mBook Load (0.3ms)[0m  [1m[34mSELECT "books".* FROM "books" WHERE "books"."subject_id" = $1[0m  [["subject_id", 1]]
  Rendered book/show_subjects.html.erb within layouts/application (3.4ms)
Completed 200 OK in 34ms (Views: 30.6ms | ActiveRecord: 0.6ms)


Started GET "/book/show_subjects?id=1" for ::1 at 2017-03-05 22:39:48 +1100
Processing by BookController#show_subjects as HTML
  Parameters: {"id"=>"1"}
  [1m[36mSubject Load (0.2ms)[0m  [1m[34mSELECT  "subjects".* FROM "subjects" WHERE "subjects"."id" = $1 LIMIT $2[0m  [["id", 1], ["LIMIT", 1]]
  Rendering book/show_subjects.html.erb within layouts/application
  [1m[36mBook Load (0.2ms)[0m  [1m[34mSELECT "books".* FROM "books" WHERE "books"."subject_id" = $1[0m  [["subject_id", 1]]
  Rendered book/show_subjects.html.erb within layouts/application (3.3ms)
Completed 200 OK in 27ms (Views: 24.1ms | ActiveRecord: 0.4ms)


Started GET "/book/show?id=1" for ::1 at 2017-03-05 22:39:50 +1100
Processing by BookController#show as HTML
  Parameters: {"id"=>"1"}
  [1m[36mBook Load (0.3ms)[0m  [1m[34mSELECT  "books".* FROM "books" WHERE "books"."id" = $1 LIMIT $2[0m  [["id", 1], ["LIMIT", 1]]
  Rendering book/show.html.erb within layouts/application
  [1m[36mSubject Load (0.3ms)[0m  [1m[34mSELECT  "subjects".* FROM "subjects" WHERE "subjects"."id" = $1 LIMIT $2[0m  [["id", 1], ["LIMIT", 1]]
  Rendered book/show.html.erb within layouts/application (3.0ms)
Completed 200 OK in 30ms (Views: 26.6ms | ActiveRecord: 0.6ms)


Started GET "/book/list" for ::1 at 2017-03-05 22:39:51 +1100
Processing by BookController#list as HTML
  Rendering book/list.html.erb within layouts/application
  [1m[36mSubject Load (0.3ms)[0m  [1m[34mSELECT  "subjects".* FROM "subjects" WHERE "subjects"."id" = $1 LIMIT $2[0m  [["id", nil], ["LIMIT", 1]]
  Rendered book/list.html.erb within layouts/application (4.7ms)
Completed 500 Internal Server Error in 11ms (ActiveRecord: 0.3ms)


  
ActiveRecord::RecordNotFound (Couldn't find Subject with 'id'=all):
  
app/views/book/list.html.erb:2:in `_app_views_book_list_html_erb__1036354299876500995_70229596639380'
  Rendering /Users/studio/.rvm/gems/ruby-2.2.2@global/gems/actionpack-5.0.2/lib/action_dispatch/middleware/templates/rescues/diagnostics.html.erb within rescues/layout
  Rendering /Users/studio/.rvm/gems/ruby-2.2.2@global/gems/actionpack-5.0.2/lib/action_dispatch/middleware/templates/rescues/_source.html.erb
  Rendered /Users/studio/.rvm/gems/ruby-2.2.2@global/gems/actionpack-5.0.2/lib/action_dispatch/middleware/templates/rescues/_source.html.erb (8.2ms)
  Rendering /Users/studio/.rvm/gems/ruby-2.2.2@global/gems/actionpack-5.0.2/lib/action_dispatch/middleware/templates/rescues/_trace.html.erb
  Rendered /Users/studio/.rvm/gems/ruby-2.2.2@global/gems/actionpack-5.0.2/lib/action_dispatch/middleware/templates/rescues/_trace.html.erb (3.3ms)
  Rendering /Users/studio/.rvm/gems/ruby-2.2.2@global/gems/actionpack-5.0.2/lib/action_dispatch/middleware/templates/rescues/_request_and_response.html.erb
  Rendered /Users/studio/.rvm/gems/ruby-2.2.2@global/gems/actionpack-5.0.2/lib/action_dispatch/middleware/templates/rescues/_request_and_response.html.erb (0.8ms)
  Rendered /Users/studio/.rvm/gems/ruby-2.2.2@global/gems/actionpack-5.0.2/lib/action_dispatch/middleware/templates/rescues/diagnostics.html.erb within rescues/layout (105.1ms)
Started GET "/book/list" for ::1 at 2017-03-05 22:39:53 +1100
Processing by BookController#list as HTML
  Rendering book/list.html.erb within layouts/application
  [1m[36mSubject Load (0.3ms)[0m  [1m[34mSELECT  "subjects".* FROM "subjects" WHERE "subjects"."id" = $1 LIMIT $2[0m  [["id", nil], ["LIMIT", 1]]
  Rendered book/list.html.erb within layouts/application (3.9ms)
Completed 500 Internal Server Error in 10ms (ActiveRecord: 0.3ms)


  
ActiveRecord::RecordNotFound (Couldn't find Subject with 'id'=all):
  
app/views/book/list.html.erb:2:in `_app_views_book_list_html_erb__1036354299876500995_70229593365700'
  Rendering /Users/studio/.rvm/gems/ruby-2.2.2@global/gems/actionpack-5.0.2/lib/action_dispatch/middleware/templates/rescues/diagnostics.html.erb within rescues/layout
  Rendering /Users/studio/.rvm/gems/ruby-2.2.2@global/gems/actionpack-5.0.2/lib/action_dispatch/middleware/templates/rescues/_source.html.erb
  Rendered /Users/studio/.rvm/gems/ruby-2.2.2@global/gems/actionpack-5.0.2/lib/action_dispatch/middleware/templates/rescues/_source.html.erb (8.3ms)
  Rendering /Users/studio/.rvm/gems/ruby-2.2.2@global/gems/actionpack-5.0.2/lib/action_dispatch/middleware/templates/rescues/_trace.html.erb
  Rendered /Users/studio/.rvm/gems/ruby-2.2.2@global/gems/actionpack-5.0.2/lib/action_dispatch/middleware/templates/rescues/_trace.html.erb (3.6ms)
  Rendering /Users/studio/.rvm/gems/ruby-2.2.2@global/gems/actionpack-5.0.2/lib/action_dispatch/middleware/templates/rescues/_request_and_response.html.erb
  Rendered /Users/studio/.rvm/gems/ruby-2.2.2@global/gems/actionpack-5.0.2/lib/action_dispatch/middleware/templates/rescues/_request_and_response.html.erb (1.0ms)
  Rendered /Users/studio/.rvm/gems/ruby-2.2.2@global/gems/actionpack-5.0.2/lib/action_dispatch/middleware/templates/rescues/diagnostics.html.erb within rescues/layout (112.5ms)
Started GET "/book/list" for ::1 at 2017-03-05 22:41:00 +1100
Processing by BookController#list as HTML
  Rendering book/list.html.erb within layouts/application
  [1m[36mSubject Load (0.3ms)[0m  [1m[34mSELECT  "subjects".* FROM "subjects" WHERE "subjects"."id" = $1 LIMIT $2[0m  [["id", 1], ["LIMIT", 1]]
  Rendered book/list.html.erb within layouts/application (3.8ms)
Completed 500 Internal Server Error in 10ms (ActiveRecord: 0.3ms)


  
ActionView::Template::Error (undefined method `each' for #<Subject id: 1, name: "Physics">):
    1: <ul id="subjects">
    2: 	<% Subject.find(1).each do |c| %>
    3: 	<li><%= link_to c.name, :action => "show_subjects", :id=>c.id%></li>
    4: 	<% end %>
    5: </ul>
  
app/views/book/list.html.erb:2:in `_app_views_book_list_html_erb__1036354299876500995_70229596194240'
  Rendering /Users/studio/.rvm/gems/ruby-2.2.2@global/gems/actionpack-5.0.2/lib/action_dispatch/middleware/templates/rescues/template_error.html.erb within rescues/layout
  Rendering /Users/studio/.rvm/gems/ruby-2.2.2@global/gems/actionpack-5.0.2/lib/action_dispatch/middleware/templates/rescues/_source.html.erb
  Rendered /Users/studio/.rvm/gems/ruby-2.2.2@global/gems/actionpack-5.0.2/lib/action_dispatch/middleware/templates/rescues/_source.html.erb (8.0ms)
  Rendering /Users/studio/.rvm/gems/ruby-2.2.2@global/gems/actionpack-5.0.2/lib/action_dispatch/middleware/templates/rescues/_trace.html.erb
  Rendered /Users/studio/.rvm/gems/ruby-2.2.2@global/gems/actionpack-5.0.2/lib/action_dispatch/middleware/templates/rescues/_trace.html.erb (3.1ms)
  Rendering /Users/studio/.rvm/gems/ruby-2.2.2@global/gems/actionpack-5.0.2/lib/action_dispatch/middleware/templates/rescues/_request_and_response.html.erb
  Rendered /Users/studio/.rvm/gems/ruby-2.2.2@global/gems/actionpack-5.0.2/lib/action_dispatch/middleware/templates/rescues/_request_and_response.html.erb (1.6ms)
  Rendered /Users/studio/.rvm/gems/ruby-2.2.2@global/gems/actionpack-5.0.2/lib/action_dispatch/middleware/templates/rescues/template_error.html.erb within rescues/layout (107.4ms)
Started GET "/book/list" for ::1 at 2017-03-05 22:41:25 +1100
Processing by BookController#list as HTML
  Rendering book/list.html.erb within layouts/application
  [1m[36mSubject Load (0.2ms)[0m  [1m[34mSELECT  "subjects".* FROM "subjects" WHERE "subjects"."id" = $1 LIMIT $2[0m  [["id", nil], ["LIMIT", 1]]
  Rendered book/list.html.erb within layouts/application (3.8ms)
Completed 500 Internal Server Error in 9ms (ActiveRecord: 0.2ms)


  
ActiveRecord::RecordNotFound (Couldn't find Subject with 'id'=all):
  
app/views/book/list.html.erb:2:in `_app_views_book_list_html_erb__1036354299876500995_70229647344440'
  Rendering /Users/studio/.rvm/gems/ruby-2.2.2@global/gems/actionpack-5.0.2/lib/action_dispatch/middleware/templates/rescues/diagnostics.html.erb within rescues/layout
  Rendering /Users/studio/.rvm/gems/ruby-2.2.2@global/gems/actionpack-5.0.2/lib/action_dispatch/middleware/templates/rescues/_source.html.erb
  Rendered /Users/studio/.rvm/gems/ruby-2.2.2@global/gems/actionpack-5.0.2/lib/action_dispatch/middleware/templates/rescues/_source.html.erb (11.2ms)
  Rendering /Users/studio/.rvm/gems/ruby-2.2.2@global/gems/actionpack-5.0.2/lib/action_dispatch/middleware/templates/rescues/_trace.html.erb
  Rendered /Users/studio/.rvm/gems/ruby-2.2.2@global/gems/actionpack-5.0.2/lib/action_dispatch/middleware/templates/rescues/_trace.html.erb (3.0ms)
  Rendering /Users/studio/.rvm/gems/ruby-2.2.2@global/gems/actionpack-5.0.2/lib/action_dispatch/middleware/templates/rescues/_request_and_response.html.erb
  Rendered /Users/studio/.rvm/gems/ruby-2.2.2@global/gems/actionpack-5.0.2/lib/action_dispatch/middleware/templates/rescues/_request_and_response.html.erb (1.1ms)
  Rendered /Users/studio/.rvm/gems/ruby-2.2.2@global/gems/actionpack-5.0.2/lib/action_dispatch/middleware/templates/rescues/diagnostics.html.erb within rescues/layout (109.0ms)
Started GET "/book/list" for ::1 at 2017-03-05 22:41:31 +1100
Processing by BookController#list as HTML
  Rendering book/list.html.erb within layouts/application
  [1m[36mBook Load (0.4ms)[0m  [1m[34mSELECT "books".* FROM "books"[0m
  Rendered book/list.html.erb within layouts/application (65.2ms)
Completed 500 Internal Server Error in 71ms (ActiveRecord: 0.4ms)


  
ActionView::Template::Error (undefined local variable or method `all' for #<#<Class:0x007fbf3d0be1c8>:0x007fbf3c516b68>):
    1: <ul id="subjects">
    2: 	<% Subject.find(all).each do |c| %>
    3: 	<li><%= link_to c.name, :action => "show_subjects", :id=>c.id%></li>
    4: 	<% end %>
    5: </ul>
  
app/views/book/list.html.erb:2:in `_app_views_book_list_html_erb__1036354299876500995_70229663726640'
  Rendering /Users/studio/.rvm/gems/ruby-2.2.2@global/gems/actionpack-5.0.2/lib/action_dispatch/middleware/templates/rescues/template_error.html.erb within rescues/layout
  Rendering /Users/studio/.rvm/gems/ruby-2.2.2@global/gems/actionpack-5.0.2/lib/action_dispatch/middleware/templates/rescues/_source.html.erb
  Rendered /Users/studio/.rvm/gems/ruby-2.2.2@global/gems/actionpack-5.0.2/lib/action_dispatch/middleware/templates/rescues/_source.html.erb (8.9ms)
  Rendering /Users/studio/.rvm/gems/ruby-2.2.2@global/gems/actionpack-5.0.2/lib/action_dispatch/middleware/templates/rescues/_trace.html.erb
  Rendered /Users/studio/.rvm/gems/ruby-2.2.2@global/gems/actionpack-5.0.2/lib/action_dispatch/middleware/templates/rescues/_trace.html.erb (3.8ms)
  Rendering /Users/studio/.rvm/gems/ruby-2.2.2@global/gems/actionpack-5.0.2/lib/action_dispatch/middleware/templates/rescues/_request_and_response.html.erb
  Rendered /Users/studio/.rvm/gems/ruby-2.2.2@global/gems/actionpack-5.0.2/lib/action_dispatch/middleware/templates/rescues/_request_and_response.html.erb (1.0ms)
  Rendered /Users/studio/.rvm/gems/ruby-2.2.2@global/gems/actionpack-5.0.2/lib/action_dispatch/middleware/templates/rescues/template_error.html.erb within rescues/layout (105.7ms)
Started GET "/book/list" for ::1 at 2017-03-05 22:41:46 +1100
Processing by BookController#list as HTML
  Rendering book/list.html.erb within layouts/application
  [1m[36mSubject Load (0.3ms)[0m  [1m[34mSELECT  "subjects".* FROM "subjects" WHERE "subjects"."id" = $1 LIMIT $2[0m  [["id", nil], ["LIMIT", 1]]
  Rendered book/list.html.erb within layouts/application (4.3ms)
Completed 500 Internal Server Error in 10ms (ActiveRecord: 0.3ms)


  
ActiveRecord::RecordNotFound (Couldn't find Subject with 'id'=all):
  
app/views/book/list.html.erb:2:in `_app_views_book_list_html_erb__1036354299876500995_70229606185480'
  Rendering /Users/studio/.rvm/gems/ruby-2.2.2@global/gems/actionpack-5.0.2/lib/action_dispatch/middleware/templates/rescues/diagnostics.html.erb within rescues/layout
  Rendering /Users/studio/.rvm/gems/ruby-2.2.2@global/gems/actionpack-5.0.2/lib/action_dispatch/middleware/templates/rescues/_source.html.erb
  Rendered /Users/studio/.rvm/gems/ruby-2.2.2@global/gems/actionpack-5.0.2/lib/action_dispatch/middleware/templates/rescues/_source.html.erb (8.7ms)
  Rendering /Users/studio/.rvm/gems/ruby-2.2.2@global/gems/actionpack-5.0.2/lib/action_dispatch/middleware/templates/rescues/_trace.html.erb
  Rendered /Users/studio/.rvm/gems/ruby-2.2.2@global/gems/actionpack-5.0.2/lib/action_dispatch/middleware/templates/rescues/_trace.html.erb (3.3ms)
  Rendering /Users/studio/.rvm/gems/ruby-2.2.2@global/gems/actionpack-5.0.2/lib/action_dispatch/middleware/templates/rescues/_request_and_response.html.erb
  Rendered /Users/studio/.rvm/gems/ruby-2.2.2@global/gems/actionpack-5.0.2/lib/action_dispatch/middleware/templates/rescues/_request_and_response.html.erb (0.9ms)
  Rendered /Users/studio/.rvm/gems/ruby-2.2.2@global/gems/actionpack-5.0.2/lib/action_dispatch/middleware/templates/rescues/diagnostics.html.erb within rescues/layout (107.3ms)
  [1m[36mSubject Load (0.4ms)[0m  [1m[34mSELECT  "subjects".* FROM "subjects" WHERE "subjects"."id" = $1 LIMIT $2[0m  [["id", 1], ["LIMIT", 1]]
  [1m[36mSubject Load (0.5ms)[0m  [1m[34mSELECT  "subjects".* FROM "subjects" WHERE "subjects"."id" = $1 LIMIT $2[0m  [["id", nil], ["LIMIT", 1]]
  [1m[36mSubject Load (2.0ms)[0m  [1m[34mSELECT  "subjects".* FROM "subjects" WHERE "subjects"."id" = $1 LIMIT $2[0m  [["id", 1], ["LIMIT", 1]]
Started GET "/book/list" for ::1 at 2017-03-05 22:45:40 +1100
Processing by BookController#list as HTML
  Rendering book/list.html.erb within layouts/application
  Rendered book/list.html.erb within layouts/application (2.9ms)
Completed 500 Internal Server Error in 9ms (ActiveRecord: 0.0ms)


  
ActionView::Template::Error (undefined method `each' for nil:NilClass):
    1: <ul id="subjects">
    2: 	<% @subjects.each do |c| %>
    3: 	<li><%= link_to c.name, :action => "show_subjects", :id=>c.id%></li>
    4: 	<% end %>
    5: </ul>
  
app/views/book/list.html.erb:2:in `_app_views_book_list_html_erb__1036354299876500995_70229609608320'
  Rendering /Users/studio/.rvm/gems/ruby-2.2.2@global/gems/actionpack-5.0.2/lib/action_dispatch/middleware/templates/rescues/template_error.html.erb within rescues/layout
  Rendering /Users/studio/.rvm/gems/ruby-2.2.2@global/gems/actionpack-5.0.2/lib/action_dispatch/middleware/templates/rescues/_source.html.erb
  Rendered /Users/studio/.rvm/gems/ruby-2.2.2@global/gems/actionpack-5.0.2/lib/action_dispatch/middleware/templates/rescues/_source.html.erb (9.1ms)
  Rendering /Users/studio/.rvm/gems/ruby-2.2.2@global/gems/actionpack-5.0.2/lib/action_dispatch/middleware/templates/rescues/_trace.html.erb
  Rendered /Users/studio/.rvm/gems/ruby-2.2.2@global/gems/actionpack-5.0.2/lib/action_dispatch/middleware/templates/rescues/_trace.html.erb (3.6ms)
  Rendering /Users/studio/.rvm/gems/ruby-2.2.2@global/gems/actionpack-5.0.2/lib/action_dispatch/middleware/templates/rescues/_request_and_response.html.erb
  Rendered /Users/studio/.rvm/gems/ruby-2.2.2@global/gems/actionpack-5.0.2/lib/action_dispatch/middleware/templates/rescues/_request_and_response.html.erb (1.0ms)
  Rendered /Users/studio/.rvm/gems/ruby-2.2.2@global/gems/actionpack-5.0.2/lib/action_dispatch/middleware/templates/rescues/template_error.html.erb within rescues/layout (106.6ms)
Started GET "/book/list" for ::1 at 2017-03-05 22:53:51 +1100
Processing by BookController#list as HTML
  Rendering book/list.html.erb within layouts/application
  [1m[36mSubject Load (0.2ms)[0m  [1m[34mSELECT  "subjects".* FROM "subjects" WHERE "subjects"."id" = $1 LIMIT $2[0m  [["id", nil], ["LIMIT", 1]]
  Rendered book/list.html.erb within layouts/application (3.9ms)
Completed 500 Internal Server Error in 10ms (ActiveRecord: 0.2ms)


  
ActiveRecord::RecordNotFound (Couldn't find Subject with 'id'=all):
  
app/views/book/list.html.erb:2:in `_app_views_book_list_html_erb__1036354299876500995_70229644777320'
  Rendering /Users/studio/.rvm/gems/ruby-2.2.2@global/gems/actionpack-5.0.2/lib/action_dispatch/middleware/templates/rescues/diagnostics.html.erb within rescues/layout
  Rendering /Users/studio/.rvm/gems/ruby-2.2.2@global/gems/actionpack-5.0.2/lib/action_dispatch/middleware/templates/rescues/_source.html.erb
  Rendered /Users/studio/.rvm/gems/ruby-2.2.2@global/gems/actionpack-5.0.2/lib/action_dispatch/middleware/templates/rescues/_source.html.erb (8.3ms)
  Rendering /Users/studio/.rvm/gems/ruby-2.2.2@global/gems/actionpack-5.0.2/lib/action_dispatch/middleware/templates/rescues/_trace.html.erb
  Rendered /Users/studio/.rvm/gems/ruby-2.2.2@global/gems/actionpack-5.0.2/lib/action_dispatch/middleware/templates/rescues/_trace.html.erb (3.4ms)
  Rendering /Users/studio/.rvm/gems/ruby-2.2.2@global/gems/actionpack-5.0.2/lib/action_dispatch/middleware/templates/rescues/_request_and_response.html.erb
  Rendered /Users/studio/.rvm/gems/ruby-2.2.2@global/gems/actionpack-5.0.2/lib/action_dispatch/middleware/templates/rescues/_request_and_response.html.erb (1.5ms)
  Rendered /Users/studio/.rvm/gems/ruby-2.2.2@global/gems/actionpack-5.0.2/lib/action_dispatch/middleware/templates/rescues/diagnostics.html.erb within rescues/layout (110.4ms)
Started GET "/book/list" for ::1 at 2017-03-05 22:55:38 +1100
Processing by BookController#list as HTML
  Rendering book/list.html.erb within layouts/application
  Rendered book/list.html.erb within layouts/application (2.4ms)
Completed 500 Internal Server Error in 8ms (ActiveRecord: 0.0ms)


  
ActionView::Template::Error (undefined method `each' for nil:NilClass):
    1: <ul id="subjects">
    2: 	<% @subjects.each do |c| %>
    3: 	<li><%= link_to c.name, :action => "show_subjects", :id=>c.id%></li>
    4: 	<% end %>
    5: </ul>
  
app/views/book/list.html.erb:2:in `_app_views_book_list_html_erb__1036354299876500995_70229593119420'
  Rendering /Users/studio/.rvm/gems/ruby-2.2.2@global/gems/actionpack-5.0.2/lib/action_dispatch/middleware/templates/rescues/template_error.html.erb within rescues/layout
  Rendering /Users/studio/.rvm/gems/ruby-2.2.2@global/gems/actionpack-5.0.2/lib/action_dispatch/middleware/templates/rescues/_source.html.erb
  Rendered /Users/studio/.rvm/gems/ruby-2.2.2@global/gems/actionpack-5.0.2/lib/action_dispatch/middleware/templates/rescues/_source.html.erb (8.6ms)
  Rendering /Users/studio/.rvm/gems/ruby-2.2.2@global/gems/actionpack-5.0.2/lib/action_dispatch/middleware/templates/rescues/_trace.html.erb
  Rendered /Users/studio/.rvm/gems/ruby-2.2.2@global/gems/actionpack-5.0.2/lib/action_dispatch/middleware/templates/rescues/_trace.html.erb (3.6ms)
  Rendering /Users/studio/.rvm/gems/ruby-2.2.2@global/gems/actionpack-5.0.2/lib/action_dispatch/middleware/templates/rescues/_request_and_response.html.erb
  Rendered /Users/studio/.rvm/gems/ruby-2.2.2@global/gems/actionpack-5.0.2/lib/action_dispatch/middleware/templates/rescues/_request_and_response.html.erb (1.0ms)
  Rendered /Users/studio/.rvm/gems/ruby-2.2.2@global/gems/actionpack-5.0.2/lib/action_dispatch/middleware/templates/rescues/template_error.html.erb within rescues/layout (108.1ms)
Started GET "/book/list" for ::1 at 2017-03-05 22:56:30 +1100
Processing by BookController#list as HTML
  Rendering book/list.html.erb within layouts/application
  [1m[36mBook Load (0.3ms)[0m  [1m[34mSELECT "books".* FROM "books"[0m
  Rendered book/list.html.erb within layouts/application (3.8ms)
Completed 500 Internal Server Error in 10ms (ActiveRecord: 0.3ms)


  
ActionView::Template::Error (undefined method `name' for #<Book:0x007fbf35ec0580>):
    1: <ul id="subjects">
    2: 	<% @books.each do |c| %>
    3: 	<li><%= link_to c.name, :action => "show_subjects", :id=>c.id%></li>
    4: 	<% end %>
    5: </ul>
    6: 
  
app/views/book/list.html.erb:3:in `block in _app_views_book_list_html_erb__1036354299876500995_70229609820100'
app/views/book/list.html.erb:2:in `_app_views_book_list_html_erb__1036354299876500995_70229609820100'
  Rendering /Users/studio/.rvm/gems/ruby-2.2.2@global/gems/actionpack-5.0.2/lib/action_dispatch/middleware/templates/rescues/template_error.html.erb within rescues/layout
  Rendering /Users/studio/.rvm/gems/ruby-2.2.2@global/gems/actionpack-5.0.2/lib/action_dispatch/middleware/templates/rescues/_source.html.erb
  Rendered /Users/studio/.rvm/gems/ruby-2.2.2@global/gems/actionpack-5.0.2/lib/action_dispatch/middleware/templates/rescues/_source.html.erb (8.6ms)
  Rendering /Users/studio/.rvm/gems/ruby-2.2.2@global/gems/actionpack-5.0.2/lib/action_dispatch/middleware/templates/rescues/_trace.html.erb
  Rendered /Users/studio/.rvm/gems/ruby-2.2.2@global/gems/actionpack-5.0.2/lib/action_dispatch/middleware/templates/rescues/_trace.html.erb (6.4ms)
  Rendering /Users/studio/.rvm/gems/ruby-2.2.2@global/gems/actionpack-5.0.2/lib/action_dispatch/middleware/templates/rescues/_request_and_response.html.erb
  Rendered /Users/studio/.rvm/gems/ruby-2.2.2@global/gems/actionpack-5.0.2/lib/action_dispatch/middleware/templates/rescues/_request_and_response.html.erb (0.9ms)
  Rendered /Users/studio/.rvm/gems/ruby-2.2.2@global/gems/actionpack-5.0.2/lib/action_dispatch/middleware/templates/rescues/template_error.html.erb within rescues/layout (108.1ms)
Started GET "/book/list" for ::1 at 2017-03-05 22:56:44 +1100
Processing by BookController#list as HTML
  Rendering book/list.html.erb within layouts/application
  Rendered book/list.html.erb within layouts/application (2.5ms)
Completed 500 Internal Server Error in 9ms (ActiveRecord: 0.0ms)


  
ActionView::Template::Error (undefined method `each' for nil:NilClass):
    1: <ul id="subjects">
    2: 	<% @subjects.each do |c| %>
    3: 	<li><%= link_to c.name, :action => "show_subjects", :id=>c.id%></li>
    4: 	<% end %>
    5: </ul>
  
app/views/book/list.html.erb:2:in `_app_views_book_list_html_erb__1036354299876500995_70229592155740'
  Rendering /Users/studio/.rvm/gems/ruby-2.2.2@global/gems/actionpack-5.0.2/lib/action_dispatch/middleware/templates/rescues/template_error.html.erb within rescues/layout
  Rendering /Users/studio/.rvm/gems/ruby-2.2.2@global/gems/actionpack-5.0.2/lib/action_dispatch/middleware/templates/rescues/_source.html.erb
  Rendered /Users/studio/.rvm/gems/ruby-2.2.2@global/gems/actionpack-5.0.2/lib/action_dispatch/middleware/templates/rescues/_source.html.erb (9.1ms)
  Rendering /Users/studio/.rvm/gems/ruby-2.2.2@global/gems/actionpack-5.0.2/lib/action_dispatch/middleware/templates/rescues/_trace.html.erb
  Rendered /Users/studio/.rvm/gems/ruby-2.2.2@global/gems/actionpack-5.0.2/lib/action_dispatch/middleware/templates/rescues/_trace.html.erb (3.2ms)
  Rendering /Users/studio/.rvm/gems/ruby-2.2.2@global/gems/actionpack-5.0.2/lib/action_dispatch/middleware/templates/rescues/_request_and_response.html.erb
  Rendered /Users/studio/.rvm/gems/ruby-2.2.2@global/gems/actionpack-5.0.2/lib/action_dispatch/middleware/templates/rescues/_request_and_response.html.erb (1.2ms)
  Rendered /Users/studio/.rvm/gems/ruby-2.2.2@global/gems/actionpack-5.0.2/lib/action_dispatch/middleware/templates/rescues/template_error.html.erb within rescues/layout (111.0ms)
Started GET "/book/show_subjects?id=1" for ::1 at 2017-03-05 22:57:09 +1100
Processing by BookController#show_subjects as HTML
  Parameters: {"id"=>"1"}
  [1m[36mSubject Load (0.2ms)[0m  [1m[34mSELECT  "subjects".* FROM "subjects" WHERE "subjects"."id" = $1 LIMIT $2[0m  [["id", 1], ["LIMIT", 1]]
  Rendering book/show_subjects.html.erb within layouts/application
  [1m[36mBook Load (0.3ms)[0m  [1m[34mSELECT "books".* FROM "books" WHERE "books"."subject_id" = $1[0m  [["subject_id", 1]]
  Rendered book/show_subjects.html.erb within layouts/application (2.6ms)
Completed 200 OK in 26ms (Views: 23.3ms | ActiveRecord: 0.5ms)


Started GET "/book/list" for ::1 at 2017-03-05 22:57:27 +1100
Processing by BookController#list as HTML
  Rendering book/list.html.erb within layouts/application
  Rendered book/list.html.erb within layouts/application (2.8ms)
Completed 500 Internal Server Error in 9ms (ActiveRecord: 0.0ms)


  
ActionView::Template::Error (undefined method `find' for nil:NilClass):
    1: <ul id="subjects">
    2: 	<% @subjects.find(1) do |c| %>
    3: 	<li><%= link_to c.name, :action => "show_subjects", :id=>c.id%></li>
    4: 	<% end %>
    5: </ul>
  
app/views/book/list.html.erb:2:in `_app_views_book_list_html_erb__1036354299876500995_70229669850900'
  Rendering /Users/studio/.rvm/gems/ruby-2.2.2@global/gems/actionpack-5.0.2/lib/action_dispatch/middleware/templates/rescues/template_error.html.erb within rescues/layout
  Rendering /Users/studio/.rvm/gems/ruby-2.2.2@global/gems/actionpack-5.0.2/lib/action_dispatch/middleware/templates/rescues/_source.html.erb
  Rendered /Users/studio/.rvm/gems/ruby-2.2.2@global/gems/actionpack-5.0.2/lib/action_dispatch/middleware/templates/rescues/_source.html.erb (11.1ms)
  Rendering /Users/studio/.rvm/gems/ruby-2.2.2@global/gems/actionpack-5.0.2/lib/action_dispatch/middleware/templates/rescues/_trace.html.erb
  Rendered /Users/studio/.rvm/gems/ruby-2.2.2@global/gems/actionpack-5.0.2/lib/action_dispatch/middleware/templates/rescues/_trace.html.erb (3.5ms)
  Rendering /Users/studio/.rvm/gems/ruby-2.2.2@global/gems/actionpack-5.0.2/lib/action_dispatch/middleware/templates/rescues/_request_and_response.html.erb
  Rendered /Users/studio/.rvm/gems/ruby-2.2.2@global/gems/actionpack-5.0.2/lib/action_dispatch/middleware/templates/rescues/_request_and_response.html.erb (1.0ms)
  Rendered /Users/studio/.rvm/gems/ruby-2.2.2@global/gems/actionpack-5.0.2/lib/action_dispatch/middleware/templates/rescues/template_error.html.erb within rescues/layout (111.4ms)
Started GET "/book/list" for ::1 at 2017-03-05 22:57:39 +1100
Processing by BookController#list as HTML
  Rendering book/list.html.erb within layouts/application
  Rendered book/list.html.erb within layouts/application (2.6ms)
Completed 500 Internal Server Error in 10ms (ActiveRecord: 0.0ms)


  
ActionView::Template::Error (undefined method `find' for nil:NilClass):
    1: <ul id="subjects">
    2: 	<% @subjects.find(:all) do |c| %>
    3: 	<li><%= link_to c.name, :action => "show_subjects", :id=>c.id%></li>
    4: 	<% end %>
    5: </ul>
  
app/views/book/list.html.erb:2:in `_app_views_book_list_html_erb__1036354299876500995_70229604891380'
  Rendering /Users/studio/.rvm/gems/ruby-2.2.2@global/gems/actionpack-5.0.2/lib/action_dispatch/middleware/templates/rescues/template_error.html.erb within rescues/layout
  Rendering /Users/studio/.rvm/gems/ruby-2.2.2@global/gems/actionpack-5.0.2/lib/action_dispatch/middleware/templates/rescues/_source.html.erb
  Rendered /Users/studio/.rvm/gems/ruby-2.2.2@global/gems/actionpack-5.0.2/lib/action_dispatch/middleware/templates/rescues/_source.html.erb (8.1ms)
  Rendering /Users/studio/.rvm/gems/ruby-2.2.2@global/gems/actionpack-5.0.2/lib/action_dispatch/middleware/templates/rescues/_trace.html.erb
  Rendered /Users/studio/.rvm/gems/ruby-2.2.2@global/gems/actionpack-5.0.2/lib/action_dispatch/middleware/templates/rescues/_trace.html.erb (3.4ms)
  Rendering /Users/studio/.rvm/gems/ruby-2.2.2@global/gems/actionpack-5.0.2/lib/action_dispatch/middleware/templates/rescues/_request_and_response.html.erb
  Rendered /Users/studio/.rvm/gems/ruby-2.2.2@global/gems/actionpack-5.0.2/lib/action_dispatch/middleware/templates/rescues/_request_and_response.html.erb (1.0ms)
  Rendered /Users/studio/.rvm/gems/ruby-2.2.2@global/gems/actionpack-5.0.2/lib/action_dispatch/middleware/templates/rescues/template_error.html.erb within rescues/layout (104.8ms)
Started GET "/book/list" for ::1 at 2017-03-05 22:57:50 +1100
Processing by BookController#list as HTML
  Rendering book/list.html.erb within layouts/application
  [1m[36mSubject Load (0.4ms)[0m  [1m[34mSELECT "subjects".* FROM "subjects"[0m
  [1m[36mBook Load (0.2ms)[0m  [1m[34mSELECT "books".* FROM "books"[0m
  Rendered book/list.html.erb within layouts/application (3.5ms)
Completed 200 OK in 27ms (Views: 24.0ms | ActiveRecord: 0.6ms)


Started GET "/book/list" for ::1 at 2017-03-05 22:58:10 +1100
Processing by BookController#list as HTML
  Rendering book/list.html.erb within layouts/application
  [1m[36mSubject Load (0.3ms)[0m  [1m[34mSELECT "subjects".* FROM "subjects"[0m
  [1m[36mBook Load (0.3ms)[0m  [1m[34mSELECT "books".* FROM "books"[0m
  Rendered book/list.html.erb within layouts/application (3.3ms)
Completed 200 OK in 27ms (Views: 24.5ms | ActiveRecord: 0.5ms)


Started GET "/book/list" for ::1 at 2017-03-05 22:58:18 +1100
Processing by BookController#list as HTML
  Rendering book/list.html.erb within layouts/application
  [1m[36mSubject Load (0.4ms)[0m  [1m[34mSELECT "subjects".* FROM "subjects"[0m
  [1m[36mBook Load (0.3ms)[0m  [1m[34mSELECT "books".* FROM "books"[0m
  Rendered book/list.html.erb within layouts/application (3.6ms)
Completed 200 OK in 31ms (Views: 28.2ms | ActiveRecord: 0.6ms)


Started GET "/book/new" for ::1 at 2017-03-05 22:58:24 +1100
Processing by BookController#new as HTML
  Rendering book/new.html.erb within layouts/application
  [1m[36mSubject Load (0.5ms)[0m  [1m[34mSELECT "subjects".* FROM "subjects"[0m
  Rendered book/new.html.erb within layouts/application (5.0ms)
Completed 200 OK in 59ms (Views: 31.0ms | ActiveRecord: 0.5ms)


Started POST "/book/create" for ::1 at 2017-03-05 22:59:10 +1100
Processing by BookController#create as HTML
  Parameters: {"utf8"=>"✓", "authenticity_token"=>"W5jwMu/+sROQa+F8rqHonh+U1mD1DqFrKKEb9jTrqyd2FGuE+EQi1eyysgWI+cl/6M4vpRsNyaeSRv+9AwsARw==", "books"=>{"title"=>"Introduction To Statistic", "price"=>"80", "subject_id"=>"2", "description"=>"Statistic"}, "commit"=>"Create"}
  [1m[35m (0.3ms)[0m  [1m[35mBEGIN[0m
  [1m[36mSubject Load (0.3ms)[0m  [1m[34mSELECT  "subjects".* FROM "subjects" WHERE "subjects"."id" = $1 LIMIT $2[0m  [["id", 2], ["LIMIT", 1]]
  [1m[35mSQL (0.8ms)[0m  [1m[32mINSERT INTO "books" ("title", "price", "subject_id", "description", "created_at") VALUES ($1, $2, $3, $4, $5) RETURNING "id"[0m  [["title", "Introduction To Statistic"], ["price", 80.0], ["subject_id", 2], ["description", "Statistic"], ["created_at", 2017-03-05 11:59:10 UTC]]
  [1m[35m (32.1ms)[0m  [1m[35mCOMMIT[0m
Redirected to http://localhost:3000/book/list
Completed 302 Found in 40ms (ActiveRecord: 33.5ms)


Started GET "/book/list" for ::1 at 2017-03-05 22:59:10 +1100
Processing by BookController#list as HTML
  Rendering book/list.html.erb within layouts/application
  [1m[36mSubject Load (0.3ms)[0m  [1m[34mSELECT "subjects".* FROM "subjects"[0m
  [1m[36mBook Load (0.2ms)[0m  [1m[34mSELECT "books".* FROM "books"[0m
  Rendered book/list.html.erb within layouts/application (3.7ms)
Completed 200 OK in 29ms (Views: 25.6ms | ActiveRecord: 0.5ms)


Started GET "/book/list" for ::1 at 2017-03-05 22:59:44 +1100
Processing by BookController#list as HTML
  Rendering book/list.html.erb within layouts/application
  [1m[36mSubject Load (0.2ms)[0m  [1m[34mSELECT  "subjects".* FROM "subjects" WHERE "subjects"."id" = $1 LIMIT $2[0m  [["id", nil], ["LIMIT", 1]]
  Rendered book/list.html.erb within layouts/application (4.2ms)
Completed 500 Internal Server Error in 10ms (ActiveRecord: 0.2ms)


  
ActiveRecord::RecordNotFound (Couldn't find Subject with 'id'=all):
  
app/views/book/list.html.erb:2:in `_app_views_book_list_html_erb__1036354299876500995_70229604989300'
  Rendering /Users/studio/.rvm/gems/ruby-2.2.2@global/gems/actionpack-5.0.2/lib/action_dispatch/middleware/templates/rescues/diagnostics.html.erb within rescues/layout
  Rendering /Users/studio/.rvm/gems/ruby-2.2.2@global/gems/actionpack-5.0.2/lib/action_dispatch/middleware/templates/rescues/_source.html.erb
  Rendered /Users/studio/.rvm/gems/ruby-2.2.2@global/gems/actionpack-5.0.2/lib/action_dispatch/middleware/templates/rescues/_source.html.erb (9.3ms)
  Rendering /Users/studio/.rvm/gems/ruby-2.2.2@global/gems/actionpack-5.0.2/lib/action_dispatch/middleware/templates/rescues/_trace.html.erb
  Rendered /Users/studio/.rvm/gems/ruby-2.2.2@global/gems/actionpack-5.0.2/lib/action_dispatch/middleware/templates/rescues/_trace.html.erb (3.7ms)
  Rendering /Users/studio/.rvm/gems/ruby-2.2.2@global/gems/actionpack-5.0.2/lib/action_dispatch/middleware/templates/rescues/_request_and_response.html.erb
  Rendered /Users/studio/.rvm/gems/ruby-2.2.2@global/gems/actionpack-5.0.2/lib/action_dispatch/middleware/templates/rescues/_request_and_response.html.erb (1.1ms)
  Rendered /Users/studio/.rvm/gems/ruby-2.2.2@global/gems/actionpack-5.0.2/lib/action_dispatch/middleware/templates/rescues/diagnostics.html.erb within rescues/layout (115.3ms)
Started GET "/book/list" for ::1 at 2017-03-05 23:00:14 +1100
Processing by BookController#list as HTML
  Rendering book/list.html.erb within layouts/application
  Rendered book/list.html.erb within layouts/application (1.5ms)
Completed 500 Internal Server Error in 8ms (ActiveRecord: 0.0ms)


  
SyntaxError (/Users/studio/workspace/library/app/views/book/list.html.erb:25: syntax error, unexpected keyword_ensure, expecting end-of-input):
  
app/views/book/list.html.erb:25: syntax error, unexpected keyword_ensure, expecting end-of-input
  Rendering /Users/studio/.rvm/gems/ruby-2.2.2@global/gems/actionpack-5.0.2/lib/action_dispatch/middleware/templates/rescues/diagnostics.html.erb within rescues/layout
  Rendering /Users/studio/.rvm/gems/ruby-2.2.2@global/gems/actionpack-5.0.2/lib/action_dispatch/middleware/templates/rescues/_source.html.erb
  Rendered /Users/studio/.rvm/gems/ruby-2.2.2@global/gems/actionpack-5.0.2/lib/action_dispatch/middleware/templates/rescues/_source.html.erb (9.2ms)
  Rendering /Users/studio/.rvm/gems/ruby-2.2.2@global/gems/actionpack-5.0.2/lib/action_dispatch/middleware/templates/rescues/_trace.html.erb
  Rendered /Users/studio/.rvm/gems/ruby-2.2.2@global/gems/actionpack-5.0.2/lib/action_dispatch/middleware/templates/rescues/_trace.html.erb (4.0ms)
  Rendering /Users/studio/.rvm/gems/ruby-2.2.2@global/gems/actionpack-5.0.2/lib/action_dispatch/middleware/templates/rescues/_request_and_response.html.erb
  Rendered /Users/studio/.rvm/gems/ruby-2.2.2@global/gems/actionpack-5.0.2/lib/action_dispatch/middleware/templates/rescues/_request_and_response.html.erb (0.8ms)
  Rendered /Users/studio/.rvm/gems/ruby-2.2.2@global/gems/actionpack-5.0.2/lib/action_dispatch/middleware/templates/rescues/diagnostics.html.erb within rescues/layout (105.3ms)
Started GET "/book/list" for ::1 at 2017-03-05 23:00:29 +1100
Processing by BookController#list as HTML
  Rendering book/list.html.erb within layouts/application
  [1m[36mSubject Load (0.6ms)[0m  [1m[34mSELECT "subjects".* FROM "subjects"[0m
  [1m[36mBook Load (0.5ms)[0m  [1m[34mSELECT "books".* FROM "books"[0m
  Rendered book/list.html.erb within layouts/application (14.3ms)
Completed 200 OK in 41ms (Views: 38.4ms | ActiveRecord: 1.1ms)


Started GET "/book/show_subjects?id=1" for ::1 at 2017-03-05 23:00:32 +1100
Processing by BookController#show_subjects as HTML
  Parameters: {"id"=>"1"}
  [1m[36mSubject Load (0.3ms)[0m  [1m[34mSELECT  "subjects".* FROM "subjects" WHERE "subjects"."id" = $1 LIMIT $2[0m  [["id", 1], ["LIMIT", 1]]
  Rendering book/show_subjects.html.erb within layouts/application
  [1m[36mBook Load (0.3ms)[0m  [1m[34mSELECT "books".* FROM "books" WHERE "books"."subject_id" = $1[0m  [["subject_id", 1]]
  Rendered book/show_subjects.html.erb within layouts/application (2.6ms)
Completed 200 OK in 45ms (Views: 23.8ms | ActiveRecord: 0.5ms)


Started GET "/book/show?id=2" for ::1 at 2017-03-05 23:00:35 +1100
Processing by BookController#show as HTML
  Parameters: {"id"=>"2"}
  [1m[36mBook Load (0.3ms)[0m  [1m[34mSELECT  "books".* FROM "books" WHERE "books"."id" = $1 LIMIT $2[0m  [["id", 2], ["LIMIT", 1]]
  Rendering book/show.html.erb within layouts/application
  [1m[36mSubject Load (0.3ms)[0m  [1m[34mSELECT  "subjects".* FROM "subjects" WHERE "subjects"."id" = $1 LIMIT $2[0m  [["id", 2], ["LIMIT", 1]]
  Rendered book/show.html.erb within layouts/application (2.8ms)
Completed 200 OK in 51ms (Views: 23.8ms | ActiveRecord: 0.6ms)


Started GET "/book/show?id=1" for ::1 at 2017-03-05 23:00:37 +1100
Processing by BookController#show as HTML
  Parameters: {"id"=>"1"}
  [1m[36mBook Load (0.4ms)[0m  [1m[34mSELECT  "books".* FROM "books" WHERE "books"."id" = $1 LIMIT $2[0m  [["id", 1], ["LIMIT", 1]]
  Rendering book/show.html.erb within layouts/application
  [1m[36mSubject Load (0.3ms)[0m  [1m[34mSELECT  "subjects".* FROM "subjects" WHERE "subjects"."id" = $1 LIMIT $2[0m  [["id", 1], ["LIMIT", 1]]
  Rendered book/show.html.erb within layouts/application (3.1ms)
Completed 200 OK in 30ms (Views: 26.2ms | ActiveRecord: 0.7ms)


Started GET "/book/show?id=2" for ::1 at 2017-03-05 23:00:40 +1100
Processing by BookController#show as HTML
  Parameters: {"id"=>"2"}
  [1m[36mBook Load (0.4ms)[0m  [1m[34mSELECT  "books".* FROM "books" WHERE "books"."id" = $1 LIMIT $2[0m  [["id", 2], ["LIMIT", 1]]
  Rendering book/show.html.erb within layouts/application
  [1m[36mSubject Load (0.4ms)[0m  [1m[34mSELECT  "subjects".* FROM "subjects" WHERE "subjects"."id" = $1 LIMIT $2[0m  [["id", 2], ["LIMIT", 1]]
  Rendered book/show.html.erb within layouts/application (3.6ms)
Completed 200 OK in 31ms (Views: 26.9ms | ActiveRecord: 0.9ms)


Started GET "/book/list" for ::1 at 2017-03-05 23:56:27 +1100
Processing by BookController#list as HTML
  Rendering book/list.html.erb within layouts/standard
  [1m[36mSubject Load (0.5ms)[0m  [1m[34mSELECT "subjects".* FROM "subjects"[0m
  [1m[36mBook Load (0.3ms)[0m  [1m[34mSELECT "books".* FROM "books"[0m
  Rendered book/list.html.erb within layouts/standard (35.0ms)
Completed 200 OK in 128ms (Views: 89.6ms | ActiveRecord: 7.2ms)


